<?xml version="1.0" encoding="UTF-8"?>
<!-- Generated by org.testng.reporters.JUnitReportReporter -->
<testsuite hostname="DESKTOP-FFJHFK9" failures="0" tests="2" name="testCases.TC002_LoginTest" time="7.418" errors="0" timestamp="2024-12-13T02:00:45 BDT" skipped="0">
  <testcase classname="testCases.TC002_LoginTest" name="verify_login" time="3.614"/>
  <testcase classname="testCases.TC002_LoginTest" name="verify_login" time="3.804"/>
</testsuite> <!-- testCases.TC002_LoginTest -->
